[templates.expresspixel.com/bootstrap_real_estate/index.html]
[backblue.gif]
[fade.gif]
[index.html]
[templates.expresspixel.com/bootstrap_real_estate/css/real_estate.css]
[templates.expresspixel.com/bootstrap_real_estate/css/theme.css]
[templates.expresspixel.com/bootstrap_real_estate/index-2.html]
[templates.expresspixel.com/bootstrap_real_estate/css/images/Home-green-48.png]
[templates.expresspixel.com/bootstrap_real_estate/listings.html]
[templates.expresspixel.com/bootstrap_real_estate/map_properties.html]
[templates.expresspixel.com/bootstrap_real_estate/compare.html]
[templates.expresspixel.com/bootstrap_real_estate/property.html]
[templates.expresspixel.com/bootstrap_real_estate/typography.html]
[templates.expresspixel.com/bootstrap_real_estate/terms.html]
[templates.expresspixel.com/bootstrap_real_estate/contact.html]
[templates.expresspixel.com/bootstrap_real_estate/about.html]
[templates.expresspixel.com/bootstrap_real_estate/css/images/carousel_1.jpg]
[templates.expresspixel.com/bootstrap_real_estate/css/images/carousel_2.jpg]
[templates.expresspixel.com/bootstrap_real_estate/css/images/latest_properties.jpg]
[templates.expresspixel.com/bootstrap_real_estate/css/images/new_homes.png]
[templates.expresspixel.com/bootstrap_real_estate/js/response.min.js]
[templates.expresspixel.com/bootstrap_real_estate/js/owl-carousel/owl.carousel.css]
[templates.expresspixel.com/bootstrap_real_estate/js/jquery.aw-showcase/css/style.css]
[templates.expresspixel.com/bootstrap_real_estate/js/owl-carousel/owl.carousel.js]
[templates.expresspixel.com/bootstrap_real_estate/js/badger/badger.min.js]
[templates.expresspixel.com/bootstrap_real_estate/js/sticky/sticky.min.css]
[templates.expresspixel.com/bootstrap_real_estate/js/sticky/sticky.min.js]
[templates.expresspixel.com/bootstrap_real_estate/js/portamento-min.js]
[templates.expresspixel.com/bootstrap_real_estate/index.html]
[templates.expresspixel.com/bootstrap_real_estate/js/global.js]
[templates.expresspixel.com/bootstrap_real_estate/fonts/glyphicons-halflings-regular.eot]
[templates.expresspixel.com/bootstrap_real_estate/fonts/glyphicons-halflings-regulard41d.eot]
[templates.expresspixel.com/bootstrap_real_estate/css/real_estate.css]
[templates.expresspixel.com/bootstrap_real_estate/css/images/loader.gif]
[templates.expresspixel.com/bootstrap_real_estate/css/theme.css]
[templates.expresspixel.com/bootstrap_real_estate/index-2.html]
[templates.expresspixel.com/bootstrap_real_estate/category.26.delayed]
[templates.expresspixel.com/bootstrap_real_estate/css/images/premium/premium_1.jpg]
[templates.expresspixel.com/bootstrap_real_estate/css/images/premium/premium_2.jpg]
[templates.expresspixel.com/bootstrap_real_estate/css/images/premium/premium_3.jpg]
[templates.expresspixel.com/bootstrap_real_estate/css/images/houses/house_1.jpg]
[templates.expresspixel.com/bootstrap_real_estate/css/images/houses/house_2.jpg]
[templates.expresspixel.com/bootstrap_real_estate/css/images/houses/house_3.jpg]
[templates.expresspixel.com/bootstrap_real_estate/css/images/houses/house_4.jpg]
[templates.expresspixel.com/bootstrap_real_estate/css/images/houses/house_5.jpg]
[templates.expresspixel.com/bootstrap_real_estate/css/images/houses/house_6.jpg]
[templates.expresspixel.com/bootstrap_real_estate/css/images/houses/house_7.jpg]
[templates.expresspixel.com/bootstrap_real_estate/css/images/houses/house_8.jpg]
[templates.expresspixel.com/bootstrap_real_estate/css/images/houses/house_9.jpg]
[templates.expresspixel.com/bootstrap_real_estate/css/images/houses/house_10.jpg]
[templates.expresspixel.com/bootstrap_real_estate/listings.html]
[templates.expresspixel.com/bootstrap_real_estate/map_properties.html]
[templates.expresspixel.com/bootstrap_real_estate/css/images/gallery/room_0.jpg]
[templates.expresspixel.com/bootstrap_real_estate/css/images/gallery/room_1.jpg]
[templates.expresspixel.com/bootstrap_real_estate/compare.html]
[templates.expresspixel.com/bootstrap_real_estate/css/images/gallery/room_2.jpg]
[templates.expresspixel.com/bootstrap_real_estate/css/images/gallery/room_3.jpg]
[templates.expresspixel.com/bootstrap_real_estate/css/images/gallery/room_4.jpg]
[templates.expresspixel.com/bootstrap_real_estate/css/images/gallery/room_6.jpg]
[templates.expresspixel.com/bootstrap_real_estate/css/images/thumbnails/room_0.jpg]
[templates.expresspixel.com/bootstrap_real_estate/css/images/thumbnails/room_1.jpg]
[templates.expresspixel.com/bootstrap_real_estate/css/images/thumbnails/room_3.jpg]
[templates.expresspixel.com/bootstrap_real_estate/css/images/thumbnails/room_4.jpg]
[templates.expresspixel.com/bootstrap_real_estate/css/images/thumbnails/room_5.jpg]
[templates.expresspixel.com/bootstrap_real_estate/css/images/thumbnails/room_6.jpg]
[templates.expresspixel.com/bootstrap_real_estate/css/images/thumbnails/room_7.jpg]
[templates.expresspixel.com/bootstrap_real_estate/css/images/thumbnails/room_8.jpg]
[templates.expresspixel.com/bootstrap_real_estate/css/images/remax-logo-color.jpg]
[templates.expresspixel.com/bootstrap_real_estate/property.html]
[templates.expresspixel.com/bootstrap_real_estate/typography.html]
[templates.expresspixel.com/bootstrap_real_estate/terms.html]
[templates.expresspixel.com/bootstrap_real_estate/contact.html]
[templates.expresspixel.com/bootstrap_real_estate/about.html]
[templates.expresspixel.com/bootstrap_real_estate/css/images/carousel_3.jpg]
[templates.expresspixel.com/bootstrap_real_estate/js/owl-carousel/grabbing.png]
[templates.expresspixel.com/bootstrap_real_estate/js/owl-carousel/owl.carousel.css]
[templates.expresspixel.com/bootstrap_real_estate/js/owl-carousel/owl.theme.css]
[templates.expresspixel.com/bootstrap_real_estate/js/jquery.aw-showcase/jquery.aw-showcase.js]
[templates.expresspixel.com/bootstrap_real_estate/js/jquery-1.11.0.min.js]
[templates.expresspixel.com/bootstrap_real_estate/js/jquery.aw-showcase/images/black-opacity-40.png]
[templates.expresspixel.com/bootstrap_real_estate/js/jquery.aw-showcase/images/arrows-small.png]
[templates.expresspixel.com/bootstrap_real_estate/js/jquery.aw-showcase/css/style.css]
[templates.expresspixel.com/bootstrap_real_estate/js/sticky/sticky.min.css]
[templates.expresspixel.com/bootstrap_real_estate/fonts/glyphicons-halflings-regular.html]
[templates.expresspixel.com/bootstrap_real_estate/fonts/glyphicons-halflings-regular-2.html]
[templates.expresspixel.com/bootstrap_real_estate/category.html]
[templates.expresspixel.com/bootstrap_real_estate/css/images/gallery/room_5.jpg]
[templates.expresspixel.com/bootstrap_real_estate/js/badger/badger.min.css]
[templates.expresspixel.com/bootstrap_real_estate/bootstrap/js/bootstrap.js]
[templates.expresspixel.com/bootstrap_real_estate/fonts/glyphicons-halflings-regular.svg]
[templates.expresspixel.com/bootstrap_real_estate/css/images/gallery/room_7.jpg]
[templates.expresspixel.com/bootstrap_real_estate/js/owl-carousel/owl.theme.css]
[templates.expresspixel.com/bootstrap_real_estate/css/images/homes_abroad.png]
[templates.expresspixel.com/bootstrap_real_estate/js/owl-carousel/AjaxLoader.gif]
[templates.expresspixel.com/bootstrap_real_estate/js/jquery.aw-showcase/images/right-arrow.png]
[templates.expresspixel.com/bootstrap_real_estate/js/jquery.aw-showcase/images/white-opacity-80.png]
[templates.expresspixel.com/bootstrap_real_estate/js/badger/badger.min.css]
[templates.expresspixel.com/bootstrap_real_estate/fonts/glyphicons-halflings-regular.svg]
[templates.expresspixel.com/bootstrap_real_estate/js/jquery.aw-showcase/images/plus.png]
[templates.expresspixel.com/bootstrap_real_estate/css/images/thumbnails/room_2.jpg]
[templates.expresspixel.com/bootstrap_real_estate/js/jquery.aw-showcase/images/plus.png]
[templates.expresspixel.com/bootstrap_real_estate/css/images/gallery/room_8.jpg]
[templates.expresspixel.com/bootstrap_real_estate/js/jquery.aw-showcase/images/left-arrow.png]
